Messages
=========================
SPIM Version Version 7.3 of August 26, 2006
Copyright 1990-2004 by James R. Larus (larus@cs.wisc.edu).
All Rights Reserved.
DOS and Windows ports by David A. Carley (dac@cs.wisc.edu).
Copyright 1997 by Morgan Kaufmann Publishers, Inc.
See the file README for a full copyright notice.
Memory and registers cleared and the simulator reinitialized.

SPIM Version Version 7.3 of August 26, 2006
Copyright 1990-2004 by James R. Larus (larus@cs.wisc.edu).
All Rights Reserved.
DOS and Windows ports by David A. Carley (dac@cs.wisc.edu).
Copyright 1997 by Morgan Kaufmann Publishers, Inc.
See the file README for a full copyright notice.
C:\Documents and Settings\Dado\Documenti\programmi assembly\Ackermann.s successfully loaded
Memory and registers cleared and the simulator reinitialized.

SPIM Version Version 7.3 of August 26, 2006
Copyright 1990-2004 by James R. Larus (larus@cs.wisc.edu).
All Rights Reserved.
DOS and Windows ports by David A. Carley (dac@cs.wisc.edu).
Copyright 1997 by Morgan Kaufmann Publishers, Inc.
See the file README for a full copyright notice.
C:\Documents and Settings\Dado\Documenti\programmi assembly\gil.s successfully loaded
Memory and registers cleared and the simulator reinitialized.

SPIM Version Version 7.3 of August 26, 2006
Copyright 1990-2004 by James R. Larus (larus@cs.wisc.edu).
All Rights Reserved.
DOS and Windows ports by David A. Carley (dac@cs.wisc.edu).
Copyright 1997 by Morgan Kaufmann Publishers, Inc.
See the file README for a full copyright notice.
Load terminated. Check code and simulator settings and try again.
Memory and registers cleared and the simulator reinitialized.

SPIM Version Version 7.3 of August 26, 2006
Copyright 1990-2004 by James R. Larus (larus@cs.wisc.edu).
All Rights Reserved.
DOS and Windows ports by David A. Carley (dac@cs.wisc.edu).
Copyright 1997 by Morgan Kaufmann Publishers, Inc.
See the file README for a full copyright notice.
Memory and registers cleared and the simulator reinitialized.

SPIM Version Version 7.3 of August 26, 2006
Copyright 1990-2004 by James R. Larus (larus@cs.wisc.edu).
All Rights Reserved.
DOS and Windows ports by David A. Carley (dac@cs.wisc.edu).
Copyright 1997 by Morgan Kaufmann Publishers, Inc.
See the file README for a full copyright notice.
Memory and registers cleared and the simulator reinitialized.

SPIM Version Version 7.3 of August 26, 2006
Copyright 1990-2004 by James R. Larus (larus@cs.wisc.edu).
All Rights Reserved.
DOS and Windows ports by David A. Carley (dac@cs.wisc.edu).
Copyright 1997 by Morgan Kaufmann Publishers, Inc.
See the file README for a full copyright notice.
Memory and registers cleared and the simulator reinitialized.

SPIM Version Version 7.3 of August 26, 2006
Copyright 1990-2004 by James R. Larus (larus@cs.wisc.edu).
All Rights Reserved.
DOS and Windows ports by David A. Carley (dac@cs.wisc.edu).
Copyright 1997 by Morgan Kaufmann Publishers, Inc.
See the file README for a full copyright notice.
C:\Documents and Settings\Dado\Documenti\programmi assembly\gil.s successfully loaded
Memory and registers cleared and the simulator reinitialized.

SPIM Version Version 7.3 of August 26, 2006
Copyright 1990-2004 by James R. Larus (larus@cs.wisc.edu).
All Rights Reserved.
DOS and Windows ports by David A. Carley (dac@cs.wisc.edu).
Copyright 1997 by Morgan Kaufmann Publishers, Inc.
See the file README for a full copyright notice.
Load terminated. Check code and simulator settings and try again.
Memory and registers cleared and the simulator reinitialized.

SPIM Version Version 7.3 of August 26, 2006
Copyright 1990-2004 by James R. Larus (larus@cs.wisc.edu).
All Rights Reserved.
DOS and Windows ports by David A. Carley (dac@cs.wisc.edu).
Copyright 1997 by Morgan Kaufmann Publishers, Inc.
See the file README for a full copyright notice.
C:\Documents and Settings\Dado\Documenti\programmi assembly\gil.s successfully loaded
Memory and registers cleared and the simulator reinitialized.

SPIM Version Version 7.3 of August 26, 2006
Copyright 1990-2004 by James R. Larus (larus@cs.wisc.edu).
All Rights Reserved.
DOS and Windows ports by David A. Carley (dac@cs.wisc.edu).
Copyright 1997 by Morgan Kaufmann Publishers, Inc.
See the file README for a full copyright notice.
C:\Documents and Settings\Dado\Documenti\programmi assembly\gil.s successfully loaded
Memory and registers cleared and the simulator reinitialized.

SPIM Version Version 7.3 of August 26, 2006
Copyright 1990-2004 by James R. Larus (larus@cs.wisc.edu).
All Rights Reserved.
DOS and Windows ports by David A. Carley (dac@cs.wisc.edu).
Copyright 1997 by Morgan Kaufmann Publishers, Inc.
See the file README for a full copyright notice.
C:\Documents and Settings\Dado\Documenti\programmi assembly\gil.s successfully loaded
Memory and registers cleared and the simulator reinitialized.

SPIM Version Version 7.3 of August 26, 2006
Copyright 1990-2004 by James R. Larus (larus@cs.wisc.edu).
All Rights Reserved.
DOS and Windows ports by David A. Carley (dac@cs.wisc.edu).
Copyright 1997 by Morgan Kaufmann Publishers, Inc.
See the file README for a full copyright notice.
Load terminated. Check code and simulator settings and try again.
Memory and registers cleared and the simulator reinitialized.

SPIM Version Version 7.3 of August 26, 2006
Copyright 1990-2004 by James R. Larus (larus@cs.wisc.edu).
All Rights Reserved.
DOS and Windows ports by David A. Carley (dac@cs.wisc.edu).
Copyright 1997 by Morgan Kaufmann Publishers, Inc.
See the file README for a full copyright notice.
Memory and registers cleared and the simulator reinitialized.

SPIM Version Version 7.3 of August 26, 2006
Copyright 1990-2004 by James R. Larus (larus@cs.wisc.edu).
All Rights Reserved.
DOS and Windows ports by David A. Carley (dac@cs.wisc.edu).
Copyright 1997 by Morgan Kaufmann Publishers, Inc.
See the file README for a full copyright notice.
C:\Documents and Settings\Dado\Documenti\programmi assembly\gil.s successfully loaded
Memory and registers cleared and the simulator reinitialized.

SPIM Version Version 7.3 of August 26, 2006
Copyright 1990-2004 by James R. Larus (larus@cs.wisc.edu).
All Rights Reserved.
DOS and Windows ports by David A. Carley (dac@cs.wisc.edu).
Copyright 1997 by Morgan Kaufmann Publishers, Inc.
See the file README for a full copyright notice.
C:\Documents and Settings\Dado\Documenti\programmi assembly\gil.s successfully loaded
Memory and registers cleared and the simulator reinitialized.

SPIM Version Version 7.3 of August 26, 2006
Copyright 1990-2004 by James R. Larus (larus@cs.wisc.edu).
All Rights Reserved.
DOS and Windows ports by David A. Carley (dac@cs.wisc.edu).
Copyright 1997 by Morgan Kaufmann Publishers, Inc.
See the file README for a full copyright notice.
Memory and registers cleared and the simulator reinitialized.

SPIM Version Version 7.3 of August 26, 2006
Copyright 1990-2004 by James R. Larus (larus@cs.wisc.edu).
All Rights Reserved.
DOS and Windows ports by David A. Carley (dac@cs.wisc.edu).
Copyright 1997 by Morgan Kaufmann Publishers, Inc.
See the file README for a full copyright notice.
Load terminated. Check code and simulator settings and try again.


Registers
=========================
 PC      = 00000000   EPC     = 00000000   Cause   = 00000000   BadVAddr= 00000000
 Status  = 3000ff10   HI      = 00000000   LO      = 00000000
                                 General Registers
R0  (r0) = 00000000  R8  (t0) = 00000000  R16 (s0) = 00000000  R24 (t8) = 00000000
R1  (at) = 00000000  R9  (t1) = 00000000  R17 (s1) = 00000000  R25 (t9) = 00000000
R2  (v0) = 00000000  R10 (t2) = 00000000  R18 (s2) = 00000000  R26 (k0) = 00000000
R3  (v1) = 00000000  R11 (t3) = 00000000  R19 (s3) = 00000000  R27 (k1) = 00000000
R4  (a0) = 00000000  R12 (t4) = 00000000  R20 (s4) = 00000000  R28 (gp) = 10008000
R5  (a1) = 00000000  R13 (t5) = 00000000  R21 (s5) = 00000000  R29 (sp) = 7fffeffc
R6  (a2) = 00000000  R14 (t6) = 00000000  R22 (s6) = 00000000  R30 (s8) = 00000000
R7  (a3) = 00000000  R15 (t7) = 00000000  R23 (s7) = 00000000  R31 (ra) = 00000000

 FIR    = 00009800    FCSR    = 00000000    FCCR   = 00000000   FEXR    = 00000000
 FENR   = 00000000
                              Double Floating Point Registers
FP0  = 0.000000      FP8  = 0.000000      FP16 = 0.000000      FP24 = 0.000000     
FP2  = 0.000000      FP10 = 0.000000      FP18 = 0.000000      FP26 = 0.000000     
FP4  = 0.000000      FP12 = 0.000000      FP20 = 0.000000      FP28 = 0.000000     
FP6  = 0.000000      FP14 = 0.000000      FP22 = 0.000000      FP30 = 0.000000     
                              Single Floating Point Registers
FP0  = 0.000000      FP8  = 0.000000      FP16 = 0.000000      FP24 = 0.000000     
FP1  = 0.000000      FP9  = 0.000000      FP17 = 0.000000      FP25 = 0.000000     
FP2  = 0.000000      FP10 = 0.000000      FP18 = 0.000000      FP26 = 0.000000     
FP3  = 0.000000      FP11 = 0.000000      FP19 = 0.000000      FP27 = 0.000000     
FP4  = 0.000000      FP12 = 0.000000      FP20 = 0.000000      FP28 = 0.000000     
FP5  = 0.000000      FP13 = 0.000000      FP21 = 0.000000      FP29 = 0.000000     
FP6  = 0.000000      FP14 = 0.000000      FP22 = 0.000000      FP30 = 0.000000     
FP7  = 0.000000      FP15 = 0.000000      FP23 = 0.000000      FP31 = 0.000000     


Console
=========================


Text Segment
=========================
[0x00400000]        0x34020004  ori $2, $0, 4                   ; 11: li $v0, 4
[0x00400004]        0x3c011001  lui $1, 4097 [first]            ; 12: la $a0, first
[0x00400008]        0x34240004  ori $4, $1, 4 [first]
[0x0040000c]        0x0000000c  syscall                         ; 13: syscall            #display della stringa first
[0x00400010]        0x34020005  ori $2, $0, 5                   ; 15: li $v0, 5
[0x00400014]        0x0000000c  syscall                         ; 16: syscall            #display del primo valore 
[0x00400018]        0x00028021  addu $16, $0, $2                ; 18: move $s0, $v0

        KERNEL


Data Segment
=========================
        DATA
[0x10000000]...[0x10010000]        0x00000000
[0x10010000]                        0x00000003  0x65736e69  0x65726972  0x206c6920
[0x10010010]                        0x6d697270  0x6176206f  0x65726f6c  0x64736100
[0x10010020]                        0x736e6900  0x72697265  0x6c692065  0x63657320
[0x10010030]                        0x6f646e6f  0x6c617620  0x0065726f  0x76206c69
[0x10010040]                        0x726f6c61  0x6f632065  0x73697272  0x646e6f70
[0x10010050]                        0x65746e65  0x6c656e20  0x7320616c  0x65636375
[0x10010060]                        0x6f697373  0x6420656e  0x63412069  0x6d72656b
[0x10010070]                        0x206e6e61  0x000000e8  0x00000000  0x00000000
[0x10010080]...[0x10040000]        0x00000000

        STACK
[0x7fffeffc]                        0x00000000

        KERNEL DATA
[0x90000000]...[0x90010000]        0x00000000


